<?xml version="1.0" encoding="UTF-8"?>
<testng-results ignored="0" total="1" passed="1" failed="0" skipped="0">
  <reporter-output>
  </reporter-output>
  <suite started-at="2025-07-14T18:03:11 IST" name="Default suite" finished-at="2025-07-14T18:03:26 IST" duration-ms="14900">
    <groups>
    </groups>
    <test started-at="2025-07-14T18:03:11 IST" name="Default test" finished-at="2025-07-14T18:03:26 IST" duration-ms="14900">
      <class name="scenarios.ReadAndWriteDataToExcel">
        <test-method signature="sampleTest()[pri:0, instance:scenarios.ReadAndWriteDataToExcel@3eb738bb]" started-at="2025-07-14T18:03:11 IST" name="sampleTest" finished-at="2025-07-14T18:03:26 IST" duration-ms="14837" status="PASS">
          <reporter-output>
          </reporter-output>
        </test-method> <!-- sampleTest -->
      </class> <!-- scenarios.ReadAndWriteDataToExcel -->
    </test> <!-- Default test -->
  </suite> <!-- Default suite -->
</testng-results>
